[2021-11-07 23:04:48,929] {taskinstance.py:1035} INFO - Dependencies all met for <TaskInstance: etl.Product_category manual__2021-11-07T22:58:26.940115+00:00 [queued]>
[2021-11-07 23:04:49,101] {taskinstance.py:1035} INFO - Dependencies all met for <TaskInstance: etl.Product_category manual__2021-11-07T22:58:26.940115+00:00 [queued]>
[2021-11-07 23:04:49,110] {taskinstance.py:1241} INFO - 
--------------------------------------------------------------------------------
[2021-11-07 23:04:49,114] {taskinstance.py:1242} INFO - Starting attempt 1 of 2
[2021-11-07 23:04:49,115] {taskinstance.py:1243} INFO - 
--------------------------------------------------------------------------------
[2021-11-07 23:04:49,273] {taskinstance.py:1262} INFO - Executing <Task(ProductCategoryOperator): Product_category> on 2021-11-07 22:58:26.940115+00:00
[2021-11-07 23:04:49,314] {standard_task_runner.py:52} INFO - Started process 2775 to run task
[2021-11-07 23:04:49,360] {standard_task_runner.py:76} INFO - Running: ['***', 'tasks', 'run', 'etl', 'Product_category', 'manual__2021-11-07T22:58:26.940115+00:00', '--job-id', '137', '--raw', '--subdir', 'DAGS_FOLDER/etl.py', '--cfg-path', '/tmp/tmpcz1t2c_t', '--error-file', '/tmp/tmpgdwvxobn']
[2021-11-07 23:04:49,445] {standard_task_runner.py:77} INFO - Job 137: Subtask Product_category
[2021-11-07 23:04:50,110] {logging_mixin.py:109} INFO - Running <TaskInstance: etl.Product_category manual__2021-11-07T22:58:26.940115+00:00 [running]> on host 9b9dd5aa62e4
[2021-11-07 23:04:52,173] {taskinstance.py:1414} INFO - Exporting the following env vars:
AIRFLOW_CTX_DAG_EMAIL=***@example.com
AIRFLOW_CTX_DAG_OWNER=***
AIRFLOW_CTX_DAG_ID=etl
AIRFLOW_CTX_TASK_ID=Product_category
AIRFLOW_CTX_EXECUTION_DATE=2021-11-07T22:58:26.940115+00:00
AIRFLOW_CTX_DAG_RUN_ID=manual__2021-11-07T22:58:26.940115+00:00
[2021-11-07 23:04:52,189] {db.py:25} INFO - Connecting to DB
[2021-11-07 23:04:52,276] {logging_mixin.py:109} INFO - Reading config file
[2021-11-07 23:04:53,219] {productCategory.py:44} INFO - rows to process in stg_Products: 51
[2021-11-07 23:04:53,282] {productCategory.py:46} INFO - Cleaning data
[2021-11-07 23:04:53,376] {productCategory.py:53} INFO - Comparing rows in product category
[2021-11-07 23:04:53,504] {productCategory.py:59} INFO - +-----------------------+------------+
| product_category_name | created_dt |
+=======================+============+

[2021-11-07 23:04:53,519] {logging_mixin.py:109} INFO - Running Product Categories Process
[2021-11-07 23:04:53,918] {taskinstance.py:1280} INFO - Marking task as SUCCESS. dag_id=etl, task_id=Product_category, execution_date=20211107T225826, start_date=20211107T230448, end_date=20211107T230453
[2021-11-07 23:04:54,340] {local_task_job.py:154} INFO - Task exited with return code 0
[2021-11-07 23:04:56,244] {local_task_job.py:264} INFO - 0 downstream tasks scheduled from follow-on schedule check
