[2021-11-08 10:22:37,919] {taskinstance.py:1035} INFO - Dependencies all met for <TaskInstance: etl.Product_category manual__2021-11-08T10:19:21.653729+00:00 [queued]>
[2021-11-08 10:22:39,172] {taskinstance.py:1035} INFO - Dependencies all met for <TaskInstance: etl.Product_category manual__2021-11-08T10:19:21.653729+00:00 [queued]>
[2021-11-08 10:22:39,194] {taskinstance.py:1241} INFO - 
--------------------------------------------------------------------------------
[2021-11-08 10:22:39,205] {taskinstance.py:1242} INFO - Starting attempt 2 of 2
[2021-11-08 10:22:39,209] {taskinstance.py:1243} INFO - 
--------------------------------------------------------------------------------
[2021-11-08 10:22:39,557] {taskinstance.py:1262} INFO - Executing <Task(ProductCategoryOperator): Product_category> on 2021-11-08 10:19:21.653729+00:00
[2021-11-08 10:22:40,043] {standard_task_runner.py:52} INFO - Started process 867 to run task
[2021-11-08 10:22:40,210] {standard_task_runner.py:76} INFO - Running: ['***', 'tasks', 'run', 'etl', 'Product_category', 'manual__2021-11-08T10:19:21.653729+00:00', '--job-id', '204', '--raw', '--subdir', 'DAGS_FOLDER/etl.py', '--cfg-path', '/tmp/tmpbti6lxnb', '--error-file', '/tmp/tmpxhtnlrqf']
[2021-11-08 10:22:41,193] {standard_task_runner.py:77} INFO - Job 204: Subtask Product_category
[2021-11-08 10:22:44,069] {logging_mixin.py:109} INFO - Running <TaskInstance: etl.Product_category manual__2021-11-08T10:19:21.653729+00:00 [running]> on host 9b9dd5aa62e4
[2021-11-08 10:22:58,014] {taskinstance.py:1414} INFO - Exporting the following env vars:
AIRFLOW_CTX_DAG_EMAIL=***@example.com
AIRFLOW_CTX_DAG_OWNER=***
AIRFLOW_CTX_DAG_ID=etl
AIRFLOW_CTX_TASK_ID=Product_category
AIRFLOW_CTX_EXECUTION_DATE=2021-11-08T10:19:21.653729+00:00
AIRFLOW_CTX_DAG_RUN_ID=manual__2021-11-08T10:19:21.653729+00:00
[2021-11-08 10:22:58,119] {db.py:25} INFO - Connecting to DB
[2021-11-08 10:22:58,163] {logging_mixin.py:109} INFO - Reading config file
[2021-11-08 10:23:06,910] {productCategory.py:44} INFO - rows to process in stg_Products: 51
[2021-11-08 10:23:06,927] {productCategory.py:46} INFO - Cleaning data
[2021-11-08 10:23:07,028] {productCategory.py:53} INFO - Comparing rows in product category
[2021-11-08 10:23:07,811] {productCategory.py:59} INFO - +-----------------------+----------------------------+
| product_category_name | created_dt                 |
+=======================+============================+
| 'Art & Crafts'        | datetime.date(2021, 11, 8) |
+-----------------------+----------------------------+
| 'Electronics'         | datetime.date(2021, 11, 8) |
+-----------------------+----------------------------+
| 'Games'               | datetime.date(2021, 11, 8) |
+-----------------------+----------------------------+
| 'Sports & Outdoors'   | datetime.date(2021, 11, 8) |
+-----------------------+----------------------------+
| 'Toys'                | datetime.date(2021, 11, 8) |
+-----------------------+----------------------------+

[2021-11-08 10:23:07,819] {logging_mixin.py:109} INFO - Running Product Categories Process
[2021-11-08 10:23:08,615] {taskinstance.py:1280} INFO - Marking task as SUCCESS. dag_id=etl, task_id=Product_category, execution_date=20211108T101921, start_date=20211108T102237, end_date=20211108T102308
[2021-11-08 10:23:08,957] {local_task_job.py:154} INFO - Task exited with return code 0
[2021-11-08 10:23:12,173] {local_task_job.py:264} INFO - 1 downstream tasks scheduled from follow-on schedule check
