[2021-11-08 01:26:28,545] {taskinstance.py:1035} INFO - Dependencies all met for <TaskInstance: etl.Product_category manual__2021-11-08T01:21:48.242772+00:00 [queued]>
[2021-11-08 01:26:28,935] {taskinstance.py:1035} INFO - Dependencies all met for <TaskInstance: etl.Product_category manual__2021-11-08T01:21:48.242772+00:00 [queued]>
[2021-11-08 01:26:28,936] {taskinstance.py:1241} INFO - 
--------------------------------------------------------------------------------
[2021-11-08 01:26:28,943] {taskinstance.py:1242} INFO - Starting attempt 2 of 2
[2021-11-08 01:26:28,956] {taskinstance.py:1243} INFO - 
--------------------------------------------------------------------------------
[2021-11-08 01:26:29,215] {taskinstance.py:1262} INFO - Executing <Task(ProductCategoryOperator): Product_category> on 2021-11-08 01:21:48.242772+00:00
[2021-11-08 01:26:29,295] {standard_task_runner.py:52} INFO - Started process 8202 to run task
[2021-11-08 01:26:29,389] {standard_task_runner.py:76} INFO - Running: ['***', 'tasks', 'run', 'etl', 'Product_category', 'manual__2021-11-08T01:21:48.242772+00:00', '--job-id', '180', '--raw', '--subdir', 'DAGS_FOLDER/etl.py', '--cfg-path', '/tmp/tmpfrpegnqj', '--error-file', '/tmp/tmpaj5gn7fw']
[2021-11-08 01:26:29,454] {standard_task_runner.py:77} INFO - Job 180: Subtask Product_category
[2021-11-08 01:26:30,009] {logging_mixin.py:109} INFO - Running <TaskInstance: etl.Product_category manual__2021-11-08T01:21:48.242772+00:00 [running]> on host 9b9dd5aa62e4
[2021-11-08 01:26:32,007] {taskinstance.py:1414} INFO - Exporting the following env vars:
AIRFLOW_CTX_DAG_EMAIL=***@example.com
AIRFLOW_CTX_DAG_OWNER=***
AIRFLOW_CTX_DAG_ID=etl
AIRFLOW_CTX_TASK_ID=Product_category
AIRFLOW_CTX_EXECUTION_DATE=2021-11-08T01:21:48.242772+00:00
AIRFLOW_CTX_DAG_RUN_ID=manual__2021-11-08T01:21:48.242772+00:00
[2021-11-08 01:26:32,021] {db.py:25} INFO - Connecting to DB
[2021-11-08 01:26:32,052] {logging_mixin.py:109} INFO - Reading config file
[2021-11-08 01:26:32,409] {productCategory.py:44} INFO - rows to process in stg_Products: 51
[2021-11-08 01:26:32,412] {productCategory.py:46} INFO - Cleaning data
[2021-11-08 01:26:32,443] {productCategory.py:53} INFO - Comparing rows in product category
[2021-11-08 01:26:32,691] {productCategory.py:59} INFO - +-----------------------+----------------------------+
| product_category_name | created_dt                 |
+=======================+============================+
| 'Art & Crafts'        | datetime.date(2021, 11, 8) |
+-----------------------+----------------------------+
| 'Electronics'         | datetime.date(2021, 11, 8) |
+-----------------------+----------------------------+
| 'Games'               | datetime.date(2021, 11, 8) |
+-----------------------+----------------------------+
| 'Sports & Outdoors'   | datetime.date(2021, 11, 8) |
+-----------------------+----------------------------+
| 'Toys'                | datetime.date(2021, 11, 8) |
+-----------------------+----------------------------+

[2021-11-08 01:26:32,693] {logging_mixin.py:109} INFO - Running Product Categories Process
[2021-11-08 01:26:32,788] {taskinstance.py:1280} INFO - Marking task as SUCCESS. dag_id=etl, task_id=Product_category, execution_date=20211108T012148, start_date=20211108T012628, end_date=20211108T012632
[2021-11-08 01:26:32,946] {local_task_job.py:154} INFO - Task exited with return code 0
[2021-11-08 01:26:33,749] {local_task_job.py:264} INFO - 1 downstream tasks scheduled from follow-on schedule check
